12.5s 1 Iteration:  0
12.5s 2 [8 8 8 ... 8 8 8] [2 4 0 ... 2 0 9]
12.5s 3 0.12651219512195122
14.6s 4 Iteration:  10
14.6s 5 [0 0 0 ... 0 0 0] [2 4 0 ... 2 0 9]
14.6s 6 0.10680487804878049
15.9s 7 Iteration:  20
15.9s 8 [8 0 0 ... 8 0 0] [2 4 0 ... 2 0 9]
15.9s 9 0.23548780487804877
17.3s 10 Iteration:  30
17.3s 11 [8 2 0 ... 8 0 0] [2 4 0 ... 2 0 9]
17.3s 12 0.4286829268292683
18.7s 13 Iteration:  40
18.7s 14 [8 4 0 ... 8 0 0] [2 4 0 ... 2 0 9]
18.7s 15 0.624609756097561
20.1s 16 Iteration:  50
20.1s 17 [8 4 0 ... 8 0 7] [2 4 0 ... 2 0 9]
20.1s 18 0.6893658536585365
21.5s 19 Iteration:  60
21.5s 20 [8 4 0 ... 1 0 7] [2 4 0 ... 2 0 9]
21.5s 21 0.7238292682926829
23.0s 22 Iteration:  70
23.0s 23 [8 4 0 ... 1 0 7] [2 4 0 ... 2 0 9]
23.0s 24 0.7514390243902439
24.4s 25 Iteration:  80
24.4s 26 [8 4 0 ... 1 0 7] [2 4 0 ... 2 0 9]
24.4s 27 0.7728048780487805
25.8s 28 Iteration:  90
25.8s 29 [8 4 0 ... 1 0 7] [2 4 0 ... 2 0 9]
25.8s 30 0.7895609756097561
27.2s 31 Iteration:  100
27.2s 32 [8 4 0 ... 1 0 7] [2 4 0 ... 2 0 9]
27.2s 33 0.8027317073170732
28.6s 34 Iteration:  110
28.6s 35 [8 4 0 ... 1 0 7] [2 4 0 ... 2 0 9]
28.6s 36 0.8132926829268292
30.0s 37 Iteration:  120
30.0s 38 [8 4 0 ... 1 0 7] [2 4 0 ... 2 0 9]
30.0s 39 0.8212682926829268
31.4s 40 Iteration:  130
31.4s 41 [8 4 0 ... 1 0 7] [2 4 0 ... 2 0 9]
31.4s 42 0.8297317073170731
32.9s 43 Iteration:  140
32.9s 44 [8 4 0 ... 1 0 7] [2 4 0 ... 2 0 9]
32.9s 45 0.8363414634146341
34.2s 46 Iteration:  150
34.2s 47 [8 4 0 ... 1 0 7] [2 4 0 ... 2 0 9]
34.2s 48 0.8422439024390244
35.7s 49 Iteration:  160
35.7s 50 [8 4 0 ... 1 0 7] [2 4 0 ... 2 0 9]
35.7s 51 0.8472682926829268
37.1s 52 Iteration:  170
37.1s 53 [8 4 0 ... 1 0 7] [2 4 0 ... 2 0 9]
37.1s 54 0.8513414634146341
38.5s 55 Iteration:  180
38.5s 56 [2 4 0 ... 1 0 7] [2 4 0 ... 2 0 9]
38.5s 57 0.8555365853658536
39.9s 58 Iteration:  190
39.9s 59 [2 4 0 ... 1 0 7] [2 4 0 ... 2 0 9]
39.9s 60 0.8588048780487805
41.3s 61 Iteration:  200
41.3s 62 [2 4 0 ... 1 0 7] [2 4 0 ... 2 0 9]
41.3s 63 0.8615609756097561
42.8s 64 Iteration:  210
42.8s 65 [2 4 0 ... 1 0 7] [2 4 0 ... 2 0 9]
42.8s 66 0.8643658536585366
44.2s 67 Iteration:  220
44.2s 68 [2 4 0 ... 1 0 7] [2 4 0 ... 2 0 9]
44.2s 69 0.8670731707317073
46.3s 70 Iteration:  230
46.3s 71 [2 4 0 ... 1 0 9] [2 4 0 ... 2 0 9]
46.3s 72 0.8691463414634146
47.8s 73 Iteration:  240
47.8s 74 [2 4 0 ... 1 0 9] [2 4 0 ... 2 0 9]
47.8s 75 0.8709512195121951
49.2s 76 Iteration:  250
49.2s 77 [2 4 0 ... 1 0 9] [2 4 0 ... 2 0 9]
49.2s 78 0.873
50.6s 79 Iteration:  260
50.6s 80 [2 4 0 ... 1 0 9] [2 4 0 ... 2 0 9]
50.6s 81 0.874780487804878
52.0s 82 Iteration:  270
52.0s 83 [2 4 0 ... 1 0 9] [2 4 0 ... 2 0 9]
52.0s 84 0.8764634146341463
53.4s 85 Iteration:  280
53.4s 86 [2 4 0 ... 1 0 9] [2 4 0 ... 2 0 9]
53.4s 87 0.8779024390243902
54.8s 88 Iteration:  290
54.8s 89 [2 4 0 ... 1 0 9] [2 4 0 ... 2 0 9]
54.8s 90 0.8795609756097561
56.1s 91 Iteration:  300
56.1s 92 [2 4 0 ... 1 0 9] [2 4 0 ... 2 0 9]
56.1s 93 0.8808536585365854
57.5s 94 Iteration:  310
57.5s 95 [2 4 0 ... 1 0 9] [2 4 0 ... 2 0 9]
57.5s 96 0.8820975609756098
58.8s 97 Iteration:  320
58.8s 98 [2 4 0 ... 1 0 9] [2 4 0 ... 2 0 9]
58.8s 99 0.8833414634146342
60.2s 100 Iteration:  330
60.2s 101 [2 4 0 ... 1 0 9] [2 4 0 ... 2 0 9]
60.2s 102 0.8848780487804878
61.5s 103 Iteration:  340
61.5s 104 [2 4 0 ... 1 0 9] [2 4 0 ... 2 0 9]
61.5s 105 0.8862682926829268
62.9s 106 Iteration:  350
62.9s 107 [2 4 0 ... 1 0 9] [2 4 0 ... 2 0 9]
62.9s 108 0.887219512195122
64.3s 109 Iteration:  360
64.3s 110 [2 4 0 ... 1 0 9] [2 4 0 ... 2 0 9]
64.3s 111 0.8881463414634146
65.6s 112 Iteration:  370
65.6s 113 [2 4 0 ... 1 0 9] [2 4 0 ... 2 0 9]
65.6s 114 0.8890975609756098
67.0s 115 Iteration:  380
67.0s 116 [2 4 0 ... 1 0 9] [2 4 0 ... 2 0 9]
67.0s 117 0.8902682926829268
68.4s 118 Iteration:  390
68.4s 119 [2 4 0 ... 1 0 9] [2 4 0 ... 2 0 9]
68.4s 120 0.8911707317073171
69.7s 121 Iteration:  400
69.7s 122 [2 4 0 ... 1 0 9] [2 4 0 ... 2 0 9]
69.7s 123 0.8922439024390244
71.0s 124 Iteration:  410
71.0s 125 [2 4 0 ... 1 0 9] [2 4 0 ... 2 0 9]
71.0s 126 0.8928780487804878
72.5s 127 Iteration:  420
72.5s 128 [2 4 0 ... 1 0 9] [2 4 0 ... 2 0 9]
72.5s 129 0.8938048780487805
73.8s 130 Iteration:  430
73.8s 131 [2 4 0 ... 1 0 9] [2 4 0 ... 2 0 9]
73.8s 132 0.8945365853658537
75.2s 133 Iteration:  440
75.2s 134 [2 4 0 ... 1 0 9] [2 4 0 ... 2 0 9]
75.2s 135 0.8951951219512195
76.5s 136 Iteration:  450
76.5s 137 [2 4 0 ... 1 0 9] [2 4 0 ... 2 0 9]
76.5s 138 0.8958780487804878
78.4s 139 Iteration:  460
78.4s 140 [2 4 0 ... 1 0 9] [2 4 0 ... 2 0 9]
78.4s 141 0.8963414634146342
80.1s 142 Iteration:  470
80.1s 143 [2 4 0 ... 1 0 9] [2 4 0 ... 2 0 9]
80.1s 144 0.8971463414634147
81.5s 145 Iteration:  480
81.5s 146 [2 4 0 ... 1 0 9] [2 4 0 ... 2 0 9]
81.5s 147 0.8976829268292683
82.9s 148 Iteration:  490
82.9s 149 [2 4 0 ... 1 0 9] [2 4 0 ... 2 0 9]
82.9s 150 0.8981951219512195
84.2s 151 Prediction:  [2]
84.2s 152 Label:  2
84.5s 153 Prediction:  [4]
84.5s 154 Label:  4
84.7s 155 Prediction:  [0]
84.7s 156 Label:  0
84.9s 157 Prediction:  [7]
84.9s 158 Label:  7
85.1s 159 Prediction:  [6]
85.1s 160 Label:  6
85.4s 161 Prediction:  [9]
85.4s 162 Label:  9
85.6s 163 Prediction:  [3]
85.6s 164 Label:  3
85.8s 165 Prediction:  [2]
85.8s 166 Label:  2
86.1s 167 Prediction:  [9]
86.1s 168 Label:  4
86.3s 169 Prediction:  [3]
86.3s 170 Label:  3
86.5s 171 Prediction:  [2]
86.5s 172 Label:  2
86.7s 173 Prediction:  [5]
86.7s 174 Label:  5
87.0s 175 Prediction:  [9]
87.0s 176 Label:  9
87.2s 177 Prediction:  [2]
87.2s 178 Label:  2
87.4s 179 Prediction:  [5]
87.4s 180 Label:  5
87.6s 181 Prediction:  [7]
87.6s 182 Label:  7
87.9s 183 Prediction:  [4]
87.9s 184 Label:  4
88.1s 185 Prediction:  [4]
88.1s 186 Label:  4
88.5s 187 Prediction:  [6]
88.5s 188 Label:  6
88.7s 189 Prediction:  [6]
88.7s 190 Label:  6
88.8s 191 [9 8 8 3 9 7 9 3 5 9 7 8 2 6 1 7 7 0 2 4 3 5 1 4 9 2 3 4 8 3 3 8 2 6 2 8 0
88.8s 192 1 3 9 8 0 0 4 8 2 5 9 3 4 9 1 9 9 7 5 3 8 4 6 9 3 9 2 5 9 5 5 2 1 6 3 6 7
88.8s 193 5 1 2 6 6 0 6 5 8 4 0 0 8 7 8 9 4 2 4 8 1 5 8 7 7 8 9 8 6 3 1 0 6 1 7 4 1
88.8s 194 9 6 8 3 0 3 1 9 3 3 8 6 4 3 4 3 2 9 9 9 1 4 8 9 2 4 3 0 7 1 1 4 4 9 4 1 6
88.8s 195 1 8 6 1 1 2 1 4 6 0 5 5 6 6 9 1 9 1 3 4 7 1 1 9 2 4 0 0 3 0 8 3 9 0 7 2 7
88.8s 196 9 8 2 0 7 7 6 6 1 2 0 4 4 8 2 8 3 3 7 3 3 3 2 2 9 5 9 4 6 3 9 2 8 6 0 6 5
88.8s 197 1 3 1 1 7 8 4 1 7 8 7 9 6 2 2 7 1 1 4 4 8 9 0 8 0 8 7 7 3 8 0 2 0 8 8 8 2
88.8s 198 8 7 1 3 2 9 2 7 7 4 0 1 4 7 0 8 1 0 1 2 6 1 2 2 8 9 1 6 0 2 8 4 8 1 6 4 1
88.8s 199 7 8 0 0 4 4 0 7 1 3 3 3 5 1 3 7 8 1 4 7 5 4 8 3 2 2 0 5 3 1 3 8 9 1 4 3 9
88.8s 200 9 1 1 9 6 9 6 1 1 5 0 8 7 2 2 0 5 6 9 6 6 9 8 6 9 9 7 4 8 7 5 7 5 9 4 9 2
88.8s 201 5 2 0 9 0 9 0 1 6 6 5 7 7 3 8 7 5 8 4 3 9 9 9 8 0 1 5 8 8 2 7 7 3 4 3 0 2
88.8s 202 1 4 6 5 3 8 3 2 8 5 7 6 1 2 1 8 1 6 3 9 8 8 4 6 1 1 8 2 5 8 5 5 7 6 1 3 8
88.8s 203 8 3 1 0 1 1 0 9 5 8 5 7 9 7 1 6 2 4 2 1 2 8 9 3 4 1 3 2 4 4 6 6 0 0 4 4 3
88.8s 204 8 1 7 3 1 0 0 5 3 5 1 9 9 3 7 4 3 9 9 3 3 6 8 4 4 6 9 6 2 6 3 3 7 1 3 6 9
88.8s 205 7 3 1 8 1 0 0 5 2 4 2 1 3 2 7 3 0 0 5 0 8 6 8 2 4 5 4 7 5 5 0 7 8 4 3 4 5
88.8s 206 1 0 6 4 3 3 7 1 7 2 8 4 8 3 6 4 2 8 8 3 0 0 9 5 0 8 7 6 4 7 6 0 1 3 4 8 1
88.8s 207 9 8 2 7 3 9 3 7 4 3 4 1 3 7 9 5 1 7 4 4 6 9 6 2 3 1 4 4 1 1 0 3 2 3 7 9 3
88.8s 208 3 6 9 8 3 6 6 7 1 3 7 9 7 3 8 9 7 3 2 7 7 3 2 5 2 8 7 1 9 5 3 0 8 9 5 4 0
88.8s 209 8 5 8 4 9 6 4 4 6 8 4 6 8 2 6 2 5 2 4 1 2 2 7 6 4 1 4 6 7 5 3 9 7 3 3 8 0
88.8s 210 9 1 8 3 8 9 7 9 8 7 2 1 2 8 0 1 1 1 0 7 4 8 4 1 7 9 9 9 2 4 7 5 1 2 0 3 3
88.8s 211 9 5 5 2 7 6 7 0 3 3 1 8 3 7 7 8 8 7 3 6 7 8 4 5 0 8 7 0 4 9 7 0 3 9 4 7 6
88.8s 212 1 3 4 0 1 0 7 2 5 0 3 3 8 2 0 4 1 0 6 0 1 6 9 8 8 7 8 8 0 8 8 2 3 1 7 3 0
88.8s 213 9 1 1 0 8 2 0 0 0 4 6 0 6 7 1 9 2 2 7 2 0 9 7 4 1 8 2 3 1 7 8 1 3 2 7 1 9
88.8s 214 3 8 9 2 2 7 1 6 8 4 6 2 8 1 3 0 0 8 9 6 4 6 5 3 8 3 5 6 1 1 1 5 1 8 8 1 0
88.8s 215 5 1 5 5 7 6 0 4 6 7 4 0 7 7 1 3 8 0 0 4 1 6 0 4 1 2 5 2 2 7 5 3 9 3 8 4 0
88.8s 216 9 9 7 1 7 3 6 7 3 9 1 1 7 3 0 3 6 1 7 6 8 1 5 6 2 9 6 7 0 3 8 3 3 3 4 4 5
88.8s 217 9 0 1 7 9 1 1 8 9 4 4 2 2 6 9 5 7 7 1 3 6 0 7 3 6 1 6 3 1 2 9 9 1 4 5 8 2
88.8s 218 3] [9 8 8 3 9 7 4 3 5 9 7 8 2 6 1 7 7 0 2 4 3 0 7 4 9 2 3 4 8 9 3 8 2 6 2 8 0
88.8s 219 1 3 9 8 0 0 4 4 7 5 9 8 4 9 8 9 9 7 5 3 8 4 6 9 3 4 2 5 7 5 5 2 1 0 3 6 7
88.8s 220 5 1 2 6 6 0 6 5 8 4 0 0 8 7 8 9 4 2 4 8 1 5 8 7 7 8 4 9 6 3 1 0 6 1 7 4 1
88.8s 221 9 6 2 3 0 3 1 9 3 3 5 6 4 3 4 3 2 9 9 7 1 4 8 4 2 4 3 0 7 1 1 4 4 9 4 1 0
88.8s 222 1 8 6 1 3 3 1 4 6 0 5 5 6 6 9 1 9 1 3 9 7 1 1 9 8 4 5 0 3 0 8 3 9 0 7 2 7
88.8s 223 2 8 2 0 7 7 6 6 1 2 0 4 4 8 2 8 3 3 7 3 3 3 2 2 9 5 4 4 6 3 9 2 8 6 0 6 5
88.8s 224 1 3 1 1 7 8 4 1 7 3 7 9 6 2 2 3 1 1 4 4 8 9 0 8 0 8 5 7 3 8 0 2 0 5 8 8 2
88.8s 225 8 7 1 3 2 9 2 7 7 4 0 1 4 7 0 8 1 0 1 2 6 1 2 2 8 7 1 6 0 2 8 4 8 6 6 4 1
88.8s 226 7 8 0 0 4 4 0 7 1 3 5 3 5 1 3 7 8 1 4 7 5 4 8 3 2 2 0 5 2 1 3 8 9 1 4 3 9
88.8s 227 9 1 1 9 6 9 6 1 1 5 0 8 7 2 3 0 5 6 9 6 6 9 5 6 9 9 7 4 9 7 5 7 3 9 4 9 2
88.8s 228 5 2 0 4 0 9 0 1 8 6 5 7 7 3 8 7 5 8 6 3 9 9 9 6 0 1 5 8 8 2 7 7 3 4 3 0 2
88.8s 229 1 4 6 5 3 8 3 2 8 5 7 6 1 2 1 8 1 6 5 4 8 8 4 6 8 1 8 2 5 8 5 5 9 6 1 3 3
88.8s 230 8 3 1 0 1 1 2 9 5 8 5 7 9 7 1 6 2 4 2 1 2 8 4 3 4 1 5 4 4 9 6 6 0 0 4 4 5
88.8s 231 8 1 7 3 1 6 0 5 3 5 1 9 9 3 7 4 2 9 9 3 3 6 6 4 4 6 5 6 2 6 3 3 7 1 3 6 4
88.8s 232 7 3 1 8 1 0 0 5 2 9 2 1 3 2 7 3 0 0 5 0 8 6 8 2 4 5 4 7 5 8 0 7 8 4 3 4 5
88.8s 233 1 0 6 4 0 3 7 1 7 2 3 4 3 3 6 9 2 8 8 3 0 0 9 5 0 8 7 6 4 7 6 0 1 3 4 4 1
88.8s 234 9 8 2 7 3 9 9 7 4 3 4 1 3 7 9 5 1 7 4 4 6 9 6 2 3 1 4 9 8 1 0 3 2 3 7 9 3
88.8s 235 1 6 4 8 3 6 6 7 1 3 7 9 7 3 8 9 3 3 2 7 7 3 2 5 2 5 7 1 9 3 3 0 8 8 5 4 0
88.8s 236 8 5 8 4 9 6 4 4 6 8 4 6 8 2 6 2 5 2 4 1 6 2 7 6 4 1 4 5 7 5 3 9 7 3 3 8 0
88.8s 237 9 1 8 3 8 9 7 9 8 7 7 1 2 8 0 1 1 1 0 7 9 8 4 1 7 4 9 7 2 4 7 5 1 2 0 2 3
88.8s 238 9 5 5 4 3 6 7 0 3 3 1 8 3 7 7 3 8 2 9 6 7 8 4 5 0 8 7 0 4 9 7 0 3 9 4 7 6
88.8s 239 1 8 4 0 1 0 7 8 5 0 3 3 8 2 0 4 1 0 6 0 1 6 9 8 8 7 5 8 0 6 8 2 3 1 7 3 0
88.8s 240 4 1 1 0 8 2 0 0 0 4 2 0 6 2 1 9 2 1 7 2 0 9 7 4 8 8 2 3 1 9 8 1 3 8 7 1 9
88.8s 241 3 8 3 2 2 7 1 6 8 4 6 2 8 1 3 0 0 8 9 6 9 6 5 5 8 3 5 6 1 1 1 5 1 8 5 1 0
88.8s 242 3 1 5 5 7 6 0 4 6 7 4 0 7 7 1 3 8 0 0 4 1 6 0 4 8 4 5 2 2 7 5 3 9 3 1 4 0
88.8s 243 9 7 7 1 7 3 6 7 3 9 1 1 7 3 0 3 6 1 7 6 8 1 5 6 2 4 6 7 0 3 5 3 9 3 4 4 8
88.8s 244 9 0 1 7 4 1 1 8 9 7 4 2 2 6 9 5 7 7 1 3 6 0 7 3 6 1 6 5 1 2 9 9 1 4 5 8 2
88.8s 245 3]
91.8s 246 /opt/conda/lib/python3.10/site-packages/traitlets/traitlets.py:2930: FutureWarning: --Exporter.preprocessors=["remove_papermill_header.RemovePapermillHeader"] for containers is deprecated in traitlets 5.0. You can pass `--Exporter.preprocessors item` ... multiple times to add items to a list.
91.8s 247 warn(
91.8s 248 [NbConvertApp] WARNING | Config option `kernel_spec_manager_class` not recognized by `NbConvertApp`.
91.9s 249 [NbConvertApp] Converting notebook __notebook__.ipynb to notebook
92.4s 250 [NbConvertApp] Writing 217715 bytes to __notebook__.ipynb
94.4s 251 /opt/conda/lib/python3.10/site-packages/traitlets/traitlets.py:2930: FutureWarning: --Exporter.preprocessors=["nbconvert.preprocessors.ExtractOutputPreprocessor"] for containers is deprecated in traitlets 5.0. You can pass `--Exporter.preprocessors item` ... multiple times to add items to a list.
94.4s 252 warn(
94.4s 253 [NbConvertApp] WARNING | Config option `kernel_spec_manager_class` not recognized by `NbConvertApp`.
94.4s 254 [NbConvertApp] Converting notebook __notebook__.ipynb to html
95.6s 255 [NbConvertApp] Support files will be in __results___files/
95.6s 256 [NbConvertApp] Making directory __results___files
95.6s 257 [NbConvertApp] Making directory __results___files
95.6s 258 [NbConvertApp] Making directory __results___files
95.6s 259 [NbConvertApp] Making directory __results___files
95.6s 260 [NbConvertApp] Making directory __results___files
95.6s 261 [NbConvertApp] Making directory __results___files
95.6s 262 [NbConvertApp] Making directory __results___files
95.6s 263 [NbConvertApp] Making directory __results___files
95.6s 264 [NbConvertApp] Making directory __results___files
95.6s 265 [NbConvertApp] Making directory __results___files
95.6s 266 [NbConvertApp] Making directory __results___files
95.6s 267 [NbConvertApp] Making directory __results___files
95.6s 268 [NbConvertApp] Making directory __results___files
95.6s 269 [NbConvertApp] Making directory __results___files
95.6s 270 [NbConvertApp] Making directory __results___files
95.6s 271 [NbConvertApp] Making directory __results___files
95.6s 272 [NbConvertApp] Making directory __results___files
95.6s 273 [NbConvertApp] Making directory __results___files
95.6s 274 [NbConvertApp] Making directory __results___files
95.6s 275 [NbConvertApp] Making directory __results___files
95.6s 276 [NbConvertApp] Writing 314599 bytes to __results__.html